app/seeds.txt
cz.msebera.android.httpclient.impl.cookie.BasicSecureHandler
cz.msebera.android.httpclient.impl.cookie.BasicSecureHandler: BasicSecureHandler()
cz.msebera.android.httpclient.impl.cookie.BasicSecureHandler: void parse(cz.msebera.android.httpclient.cookie.SetCookie,java.lang.String)
cz.msebera.android.httpclient.impl.cookie.BasicSecureHandler: boolean match(cz.msebera.android.httpclient.cookie.Cookie,cz.msebera.android.httpclient.cookie.CookieOrigin)
cz.msebera.android.httpclient.impl.cookie.BestMatchSpec
cz.msebera.android.httpclient.impl.cookie.BestMatchSpec: java.lang.String[] datepatterns
cz.msebera.android.httpclient.impl.cookie.BestMatchSpec: boolean oneHeader
cz.msebera.android.httpclient.impl.cookie.BestMatchSpec: cz.msebera.android.httpclient.impl.cookie.RFC2965Spec strict
cz.msebera.android.httpclient.impl.cookie.BestMatchSpec: cz.msebera.android.httpclient.impl.cookie.RFC2109Spec obsoleteStrict
cz.msebera.android.httpclient.impl.cookie.BestMatchSpec: cz.msebera.android.httpclient.impl.cookie.BrowserCompatSpec compat
cz.msebera.android.httpclient.impl.cookie.BestMatchSpec: BestMatchSpec(java.lang.String[],boolean)
cz.msebera.android.httpclient.impl.cookie.BestMatchSpec: BestMatchSpec()
cz.msebera.android.httpclient.impl.cookie.BestMatchSpec: cz.msebera.android.httpclient.impl.cookie.RFC2965Spec getStrict()
cz.msebera.android.httpclient.impl.cookie.BestMatchSpec: cz.msebera.android.httpclient.impl.cookie.RFC2109Spec getObsoleteStrict()
cz.msebera.android.httpclient.impl.cookie.BestMatchSpec: cz.msebera.android.httpclient.impl.cookie.BrowserCompatSpec getCompat()
cz.msebera.android.httpclient.impl.cookie.BestMatchSpec: java.util.List parse(cz.msebera.android.httpclient.Header,cz.msebera.android.httpclient.cookie.CookieOrigin)
cz.msebera.android.httpclient.impl.cookie.BestMatchSpec: void validate(cz.msebera.android.httpclient.cookie.Cookie,cz.msebera.android.httpclient.cookie.CookieOrigin)
cz.msebera.android.httpclient.impl.cookie.BestMatchSpecFactory
cz.msebera.android.httpclient.impl.cookie.BestMatchSpecFactory: java.lang.String[] datepatterns
cz.msebera.android.httpclient.impl.cookie.BestMatchSpecFactory: boolean oneHeader
cz.msebera.android.httpclient.impl.cookie.BestMatchSpecFactory: BestMatchSpecFactory(java.lang.String[],boolean)
cz.msebera.android.httpclient.impl.cookie.BestMatchSpecFactory: BestMatchSpecFactory()
cz.msebera.android.httpclient.impl.cookie.BestMatchSpecFactory: cz.msebera.android.httpclient.cookie.CookieSpec newInstance(cz.msebera.android.httpclient.params.HttpParams)
cz.msebera.android.httpclient.impl.cookie.BestMatchSpecFactory: cz.msebera.android.httpclient.cookie.CookieSpec create(cz.msebera.android.httpclient.protocol.HttpContext)