app/mapping.txt
com.google.gson.internal.bind.TypeAdapters$30 -> com.google.gson.internal.a.ay:
    com.google.gson.TypeAdapter create(com.google.gson.Gson,com.google.gson.reflect.TypeToken) -> a
com.google.gson.internal.bind.TypeAdapters$31 -> com.google.gson.internal.a.az:
    com.google.gson.reflect.TypeToken val$type -> a
    com.google.gson.TypeAdapter val$typeAdapter -> b
    com.google.gson.TypeAdapter create(com.google.gson.Gson,com.google.gson.reflect.TypeToken) -> a
com.google.gson.internal.bind.TypeAdapters$32 -> com.google.gson.internal.a.ba:
    java.lang.Class val$type -> a
    com.google.gson.TypeAdapter val$typeAdapter -> b
    com.google.gson.TypeAdapter create(com.google.gson.Gson,com.google.gson.reflect.TypeToken) -> a
    java.lang.String toString() -> toString
com.google.gson.internal.bind.TypeAdapters$33 -> com.google.gson.internal.a.bb:
    java.lang.Class val$unboxed -> a
    java.lang.Class val$boxed -> b
    com.google.gson.TypeAdapter val$typeAdapter -> c
    com.google.gson.TypeAdapter create(com.google.gson.Gson,com.google.gson.reflect.TypeToken) -> a
    java.lang.String toString() -> toString
com.google.gson.internal.bind.TypeAdapters$34 -> com.google.gson.internal.a.bc:
    java.lang.Class val$base -> a
    java.lang.Class val$sub -> b
    com.google.gson.TypeAdapter val$typeAdapter -> c
    com.google.gson.TypeAdapter create(com.google.gson.Gson,com.google.gson.reflect.TypeToken) -> a
    java.lang.String toString() -> toString
com.google.gson.internal.bind.TypeAdapters$35 -> com.google.gson.internal.a.bd:
    java.lang.Class val$clazz -> a
    com.google.gson.TypeAdapter val$typeAdapter -> b
    com.google.gson.TypeAdapter create(com.google.gson.Gson,com.google.gson.reflect.TypeToken) -> a
    java.lang.String toString() -> toString
com.google.gson.internal.bind.TypeAdapters$35$1 -> com.google.gson.internal.a.be:
    java.lang.Class val$requestedType -> a
    com.google.gson.internal.bind.TypeAdapters$35 this$0 -> b
    void write(com.google.gson.stream.JsonWriter,java.lang.Object) -> a
    java.lang.Object read(com.google.gson.stream.JsonReader) -> b
com.google.gson.internal.bind.TypeAdapters$36 -> com.google.gson.internal.a.bf:
    int[] $SwitchMap$com$google$gson$stream$JsonToken -> a
com.google.gson.internal.bind.TypeAdapters$4 -> com.google.gson.internal.a.bg:
    java.lang.Boolean read(com.google.gson.stream.JsonReader) -> a
    void write(com.google.gson.stream.JsonWriter,java.lang.Boolean) -> a
    java.lang.Object read(com.google.gson.stream.JsonReader) -> b
    void write(com.google.gson.stream.JsonWriter,java.lang.Object) -> a
com.google.gson.internal.bind.TypeAdapters$5 -> com.google.gson.internal.a.bh:
    java.lang.Number read(com.google.gson.stream.JsonReader) -> a
    void write(com.google.gson.stream.JsonWriter,java.lang.Number) -> a
    java.lang.Object read(com.google.gson.stream.JsonReader) -> b
    void write(com.google.gson.stream.JsonWriter,java.lang.Object) -> a
com.google.gson.internal.bind.TypeAdapters$6 -> com.google.gson.internal.a.bi:
    java.lang.Number read(com.google.gson.stream.JsonReader) -> a
    void write(com.google.gson.stream.JsonWriter,java.lang.Number) -> a
    java.lang.Object read(com.google.gson.stream.JsonReader) -> b
    void write(com.google.gson.stream.JsonWriter,java.lang.Object) -> a
com.google.gson.internal.bind.TypeAdapters$7 -> com.google.gson.internal.a.bj:
    java.lang.Number read(com.google.gson.stream.JsonReader) -> a
    void write(com.google.gson.stream.JsonWriter,java.lang.Number) -> a
    java.lang.Object read(com.google.gson.stream.JsonReader) -> b
    void write(com.google.gson.stream.JsonWriter,java.lang.Object) -> a